


ARM Macro Assembler    Page 1 


    1 00000000         ;* <<< Use Configuration Wizard in Context Menu >>>   
    2 00000000         ; <h> Stack Configuration
    3 00000000         ;   <o> Stack Size (in Bytes) <0x0-0xFFFFFFFF:8>
    4 00000000         ; </h>
    5 00000000         
    6 00000000 00000400 
                       Stack_Size
                               EQU              0x00000400
    7 00000000         
    8 00000000                 AREA             STACK, NOINIT, READWRITE, ALIGN
=3
    9 00000000         Stack_Mem
                               SPACE            Stack_Size
   10 00000400         __initial_sp
   11 00000400         
   12 00000400         
   13 00000400         ; <h> Heap Configuration
   14 00000400         ;   <o>  Heap Size (in Bytes) <0x0-0xFFFFFFFF:8>
   15 00000400         ; </h>
   16 00000400         
   17 00000400 00000000 
                       Heap_Size
                               EQU              0x00000000
   18 00000400         
   19 00000400                 AREA             HEAP, NOINIT, READWRITE, ALIGN=
3
   20 00000000         __heap_base
   21 00000000         Heap_Mem
                               SPACE            Heap_Size
   22 00000000         __heap_limit
   23 00000000         
   24 00000000                 PRESERVE8
   25 00000000                 THUMB
   26 00000000         
   27 00000000         
   28 00000000         ; Vector Table Mapped to Address 0 at Reset
   29 00000000                 AREA             RESET, DATA, READONLY
   30 00000000                 EXPORT           __Vectors
   31 00000000                 EXPORT           __Vectors_End
   32 00000000                 EXPORT           __Vectors_Size
   33 00000000         
   34 00000000 00000000 
                       __Vectors
                               DCD              __initial_sp ; Top of Stack
   35 00000004 00000000        DCD              Reset_Handler ; Reset Handler
   36 00000008 00000000        DCD              NMI_Handler ; NMI Handler
   37 0000000C 00000000        DCD              HardFault_Handler ; Hard Fault 
                                                            Handler
   38 00000010 00000000        DCD              0           ; Reserved
   39 00000014 00000000        DCD              0           ; Reserved
   40 00000018 00000000        DCD              0           ; Reserved
   41 0000001C 00000000        DCD              0           ; Reserved
   42 00000020 00000000        DCD              0           ; Reserved
   43 00000024 00000000        DCD              0           ; Reserved
   44 00000028 00000000        DCD              0           ; Reserved
   45 0000002C 00000000        DCD              SVC_Handler ; SVCall Handler
   46 00000030 00000000        DCD              0           ; Reserved
   47 00000034 00000000        DCD              0           ; Reserved
   48 00000038 00000000        DCD              PendSV_Handler ; PendSV Handler



ARM Macro Assembler    Page 2 


                                                            
   49 0000003C 00000000        DCD              SysTick_Handler 
                                                            ; SysTick Handler
   50 00000040         
   51 00000040         ; External Interrupts
   52 00000040         ; 0-3
   53 00000040 00000000        DCD              TIMER0_IRQHandler ;
   54 00000044 00000000        DCD              TIMER1_IRQHandler ;
   55 00000048 00000000        DCD              MCPWM0_IRQHandler ;
   56 0000004C 00000000        DCD              MCPWM1_IRQHandler ;
   57 00000050         
   58 00000050         ;4-7
   59 00000050 00000000        DCD              I2C_IRQHandler ;
   60 00000054 00000000        DCD              SPI_IRQHandler ;
   61 00000058 00000000        DCD              GPIO_IRQHandler ;
   62 0000005C 00000000        DCD              HALL_IRQHandler ;
   63 00000060         
   64 00000060         ;8-11
   65 00000060 00000000        DCD              UART_IRQHandler ;
   66 00000064 00000000        DCD              CMP_IRQHandler ;
   67 00000068 00000000        DCD              ADC_IRQHandler ;
   68 0000006C 00000000        DCD              DMA_IRQHandler ;
   69 00000070         
   70 00000070         ;12-15
   71 00000070 00000000        DCD              WAKE_IRQHandler ;
   72 00000074 00000000        DCD              SW_IRQHandler ;
   73 00000078 00000000        DCD              0           ;
   74 0000007C 00000000        DCD              0           ;
   75 00000080         
   76 00000080         ;16-19
   77 00000080 00000000        DCD              0           ;
   78 00000084 00000000        DCD              0           ;
   79 00000088 00000000        DCD              0           ;
   80 0000008C 00000000        DCD              0           ;
   81 00000090         
   82 00000090         ;20-23
   83 00000090 00000000        DCD              0           ;
   84 00000094 00000000        DCD              0           ;
   85 00000098 00000000        DCD              0           ;
   86 0000009C 00000000        DCD              0           ;
   87 000000A0         
   88 000000A0         ;24-27
   89 000000A0 00000000        DCD              0           ;
   90 000000A4 00000000        DCD              0           ;
   91 000000A8 00000000        DCD              0           ;
   92 000000AC 00000000        DCD              0           ;
   93 000000B0         
   94 000000B0         ;28-31
   95 000000B0 00000000        DCD              0           ;
   96 000000B4 00000000        DCD              0           ;
   97 000000B8 00000000        DCD              0           ;
   98 000000BC 00000000        DCD              0           ;
   99 000000C0         
  100 000000C0         __Vectors_End
  101 000000C0         
  102 000000C0 000000C0 
                       __Vectors_Size
                               EQU              __Vectors_End - __Vectors
  103 000000C0         



ARM Macro Assembler    Page 3 


  104 000000C0                 AREA             |.text|, CODE, READONLY
  105 00000000         
  106 00000000         ; Reset handler routine
  107 00000000         Reset_Handler
                               PROC
  108 00000000                 EXPORT           Reset_Handler                 [
WEAK]
  109 00000000                 IMPORT           __main
  110 00000000                 IMPORT           SystemInit
  111 00000000         
  112 00000000         
  113 00000000         
  114 00000000 4809            LDR              R0, =__initial_sp ; set stack p
                                                            ointer 
  115 00000002 F380 8808       MSR              MSP, R0
  116 00000006         
  117 00000006         
  118 00000006         ApplicationStart
  119 00000006 4809            LDR              R0, =SystemInit
  120 00000008 4780            BLX              R0
  121 0000000A 4809            LDR              R0, =__main
  122 0000000C 4700            BX               R0
  123 0000000E                 ENDP
  124 0000000E         
  125 0000000E         ; Dummy Exception Handlers (infinite loops which can be 
                       modified)
  126 0000000E         
  127 0000000E         NMI_Handler
                               PROC
  128 0000000E                 EXPORT           NMI_Handler                    
[WEAK]
  129 0000000E E7FE            B                .
  130 00000010                 ENDP
  132 00000010         HardFault_Handler
                               PROC
  133 00000010                 EXPORT           HardFault_Handler              
[WEAK]
  134 00000010 E7FE            B                .
  135 00000012                 ENDP
  136 00000012         SVC_Handler
                               PROC
  137 00000012                 EXPORT           SVC_Handler                    
[WEAK]
  138 00000012 E7FE            B                .
  139 00000014                 ENDP
  140 00000014         PendSV_Handler
                               PROC
  141 00000014                 EXPORT           PendSV_Handler                 
[WEAK]
  142 00000014 E7FE            B                .
  143 00000016                 ENDP
  144 00000016         SysTick_Handler
                               PROC
  145 00000016                 EXPORT           SysTick_Handler                
[WEAK]
  146 00000016 E7FE            B                .
  147 00000018                 ENDP
  148 00000018         
  149 00000018         Default_Handler



ARM Macro Assembler    Page 4 


                               PROC
  150 00000018         
  151 00000018                 EXPORT           TIMER0_IRQHandler             [
WEAK]
  152 00000018                 EXPORT           TIMER1_IRQHandler             [
WEAK]
  153 00000018                 EXPORT           MCPWM0_IRQHandler             [
WEAK]
  154 00000018                 EXPORT           MCPWM1_IRQHandler             [
WEAK]
  155 00000018                 EXPORT           I2C_IRQHandler              [WE
AK]
  156 00000018                 EXPORT           SPI_IRQHandler              [WE
AK]
  157 00000018                 EXPORT           GPIO_IRQHandler               [
WEAK]
  158 00000018                 EXPORT           HALL_IRQHandler               [
WEAK]
  159 00000018                 EXPORT           UART_IRQHandler               [
WEAK]
  160 00000018                 EXPORT           CMP_IRQHandler                [
WEAK]
  161 00000018                 EXPORT           ADC_IRQHandler                [
WEAK]
  162 00000018                 EXPORT           DMA_IRQHandler                [
WEAK]
  163 00000018                 EXPORT           WAKE_IRQHandler               [
WEAK]
  164 00000018                 EXPORT           SW_IRQHandler                 [
WEAK]
  165 00000018         
  166 00000018         TIMER0_IRQHandler
  167 00000018         TIMER1_IRQHandler
  168 00000018         MCPWM0_IRQHandler
  169 00000018         MCPWM1_IRQHandler
  170 00000018         I2C_IRQHandler
  171 00000018         SPI_IRQHandler
  172 00000018         GPIO_IRQHandler
  173 00000018         HALL_IRQHandler
  174 00000018         UART_IRQHandler
  175 00000018         CMP_IRQHandler
  176 00000018         ADC_IRQHandler
  177 00000018         DMA_IRQHandler
  178 00000018         WAKE_IRQHandler
  179 00000018         SW_IRQHandler
  180 00000018         
  181 00000018         
  182 00000018 E7FE            B                .
  183 0000001A         
  184 0000001A                 ENDP
  185 0000001A         
  186 0000001A 00 00           ALIGN
  187 0000001C         
  188 0000001C         ;*******************************************************
                       ************************
  189 0000001C         ; User Stack and Heap initialization
  190 0000001C         ;*******************************************************
                       ************************
  191 0000001C                 IF               :DEF:__MICROLIB



ARM Macro Assembler    Page 5 


  198 0000001C         
  199 0000001C                 IMPORT           __use_two_region_memory
  200 0000001C                 EXPORT           __user_initial_stackheap
  201 0000001C         
  202 0000001C         __user_initial_stackheap
  203 0000001C         
  204 0000001C 4805            LDR              R0, =  Heap_Mem
  205 0000001E 4906            LDR              R1, =(Stack_Mem + Stack_Size)
  206 00000020 4A04            LDR              R2, = (Heap_Mem +  Heap_Size)
  207 00000022 4B06            LDR              R3, = Stack_Mem
  208 00000024 4770            BX               LR
  209 00000026         
  210 00000026 00 00           ALIGN
  211 00000028         
  212 00000028                 ENDIF
  213 00000028         
  214 00000028                 END
              00000000 
              00000000 
              00000000 
              00000000 
              00000400 
              00000000 
Command Line: --debug --xref --diag_suppress=9931 --cpu=Cortex-M0 --apcs=interw
ork --depend=.\obj\startup_lks32mc03x.d -o.\obj\startup_lks32mc03x.o -IC:\Keil_
v5\ARM\RV31\INC -IC:\Keil_v5\ARM\INC\Linko\LKS32MC03x --predefine="__UVISION_VE
RSION SETA 535" --list=.\startup_lks32mc03x.lst Include\startup_lks32mc03x.s



ARM Macro Assembler    Page 1 Alphabetic symbol ordering
Relocatable symbols

STACK 00000000

Symbol: STACK
   Definitions
      At line 8 in file Include\startup_lks32mc03x.s
   Uses
      None
Comment: STACK unused
Stack_Mem 00000000

Symbol: Stack_Mem
   Definitions
      At line 9 in file Include\startup_lks32mc03x.s
   Uses
      At line 205 in file Include\startup_lks32mc03x.s
      At line 207 in file Include\startup_lks32mc03x.s

__initial_sp 00000400

Symbol: __initial_sp
   Definitions
      At line 10 in file Include\startup_lks32mc03x.s
   Uses
      At line 34 in file Include\startup_lks32mc03x.s
      At line 114 in file Include\startup_lks32mc03x.s

3 symbols



ARM Macro Assembler    Page 1 Alphabetic symbol ordering
Relocatable symbols

HEAP 00000000

Symbol: HEAP
   Definitions
      At line 19 in file Include\startup_lks32mc03x.s
   Uses
      None
Comment: HEAP unused
Heap_Mem 00000000

Symbol: Heap_Mem
   Definitions
      At line 21 in file Include\startup_lks32mc03x.s
   Uses
      At line 204 in file Include\startup_lks32mc03x.s
      At line 206 in file Include\startup_lks32mc03x.s

__heap_base 00000000

Symbol: __heap_base
   Definitions
      At line 20 in file Include\startup_lks32mc03x.s
   Uses
      None
Comment: __heap_base unused
__heap_limit 00000000

Symbol: __heap_limit
   Definitions
      At line 22 in file Include\startup_lks32mc03x.s
   Uses
      None
Comment: __heap_limit unused
4 symbols



ARM Macro Assembler    Page 1 Alphabetic symbol ordering
Relocatable symbols

RESET 00000000

Symbol: RESET
   Definitions
      At line 29 in file Include\startup_lks32mc03x.s
   Uses
      None
Comment: RESET unused
__Vectors 00000000

Symbol: __Vectors
   Definitions
      At line 34 in file Include\startup_lks32mc03x.s
   Uses
      At line 30 in file Include\startup_lks32mc03x.s
      At line 102 in file Include\startup_lks32mc03x.s

__Vectors_End 000000C0

Symbol: __Vectors_End
   Definitions
      At line 100 in file Include\startup_lks32mc03x.s
   Uses
      At line 31 in file Include\startup_lks32mc03x.s
      At line 102 in file Include\startup_lks32mc03x.s

3 symbols



ARM Macro Assembler    Page 1 Alphabetic symbol ordering
Relocatable symbols

.text 00000000

Symbol: .text
   Definitions
      At line 104 in file Include\startup_lks32mc03x.s
   Uses
      None
Comment: .text unused
ADC_IRQHandler 00000018

Symbol: ADC_IRQHandler
   Definitions
      At line 176 in file Include\startup_lks32mc03x.s
   Uses
      At line 67 in file Include\startup_lks32mc03x.s
      At line 161 in file Include\startup_lks32mc03x.s

ApplicationStart 00000006

Symbol: ApplicationStart
   Definitions
      At line 118 in file Include\startup_lks32mc03x.s
   Uses
      None
Comment: ApplicationStart unused
CMP_IRQHandler 00000018

Symbol: CMP_IRQHandler
   Definitions
      At line 175 in file Include\startup_lks32mc03x.s
   Uses
      At line 66 in file Include\startup_lks32mc03x.s
      At line 160 in file Include\startup_lks32mc03x.s

DMA_IRQHandler 00000018

Symbol: DMA_IRQHandler
   Definitions
      At line 177 in file Include\startup_lks32mc03x.s
   Uses
      At line 68 in file Include\startup_lks32mc03x.s
      At line 162 in file Include\startup_lks32mc03x.s

Default_Handler 00000018

Symbol: Default_Handler
   Definitions
      At line 149 in file Include\startup_lks32mc03x.s
   Uses
      None
Comment: Default_Handler unused
GPIO_IRQHandler 00000018

Symbol: GPIO_IRQHandler
   Definitions
      At line 172 in file Include\startup_lks32mc03x.s
   Uses
      At line 61 in file Include\startup_lks32mc03x.s
      At line 157 in file Include\startup_lks32mc03x.s



ARM Macro Assembler    Page 2 Alphabetic symbol ordering
Relocatable symbols


HALL_IRQHandler 00000018

Symbol: HALL_IRQHandler
   Definitions
      At line 173 in file Include\startup_lks32mc03x.s
   Uses
      At line 62 in file Include\startup_lks32mc03x.s
      At line 158 in file Include\startup_lks32mc03x.s

HardFault_Handler 00000010

Symbol: HardFault_Handler
   Definitions
      At line 132 in file Include\startup_lks32mc03x.s
   Uses
      At line 37 in file Include\startup_lks32mc03x.s
      At line 133 in file Include\startup_lks32mc03x.s

I2C_IRQHandler 00000018

Symbol: I2C_IRQHandler
   Definitions
      At line 170 in file Include\startup_lks32mc03x.s
   Uses
      At line 59 in file Include\startup_lks32mc03x.s
      At line 155 in file Include\startup_lks32mc03x.s

MCPWM0_IRQHandler 00000018

Symbol: MCPWM0_IRQHandler
   Definitions
      At line 168 in file Include\startup_lks32mc03x.s
   Uses
      At line 55 in file Include\startup_lks32mc03x.s
      At line 153 in file Include\startup_lks32mc03x.s

MCPWM1_IRQHandler 00000018

Symbol: MCPWM1_IRQHandler
   Definitions
      At line 169 in file Include\startup_lks32mc03x.s
   Uses
      At line 56 in file Include\startup_lks32mc03x.s
      At line 154 in file Include\startup_lks32mc03x.s

NMI_Handler 0000000E

Symbol: NMI_Handler
   Definitions
      At line 127 in file Include\startup_lks32mc03x.s
   Uses
      At line 36 in file Include\startup_lks32mc03x.s
      At line 128 in file Include\startup_lks32mc03x.s

PendSV_Handler 00000014

Symbol: PendSV_Handler
   Definitions



ARM Macro Assembler    Page 3 Alphabetic symbol ordering
Relocatable symbols

      At line 140 in file Include\startup_lks32mc03x.s
   Uses
      At line 48 in file Include\startup_lks32mc03x.s
      At line 141 in file Include\startup_lks32mc03x.s

Reset_Handler 00000000

Symbol: Reset_Handler
   Definitions
      At line 107 in file Include\startup_lks32mc03x.s
   Uses
      At line 35 in file Include\startup_lks32mc03x.s
      At line 108 in file Include\startup_lks32mc03x.s

SPI_IRQHandler 00000018

Symbol: SPI_IRQHandler
   Definitions
      At line 171 in file Include\startup_lks32mc03x.s
   Uses
      At line 60 in file Include\startup_lks32mc03x.s
      At line 156 in file Include\startup_lks32mc03x.s

SVC_Handler 00000012

Symbol: SVC_Handler
   Definitions
      At line 136 in file Include\startup_lks32mc03x.s
   Uses
      At line 45 in file Include\startup_lks32mc03x.s
      At line 137 in file Include\startup_lks32mc03x.s

SW_IRQHandler 00000018

Symbol: SW_IRQHandler
   Definitions
      At line 179 in file Include\startup_lks32mc03x.s
   Uses
      At line 72 in file Include\startup_lks32mc03x.s
      At line 164 in file Include\startup_lks32mc03x.s

SysTick_Handler 00000016

Symbol: SysTick_Handler
   Definitions
      At line 144 in file Include\startup_lks32mc03x.s
   Uses
      At line 49 in file Include\startup_lks32mc03x.s
      At line 145 in file Include\startup_lks32mc03x.s

TIMER0_IRQHandler 00000018

Symbol: TIMER0_IRQHandler
   Definitions
      At line 166 in file Include\startup_lks32mc03x.s
   Uses
      At line 53 in file Include\startup_lks32mc03x.s
      At line 151 in file Include\startup_lks32mc03x.s




ARM Macro Assembler    Page 4 Alphabetic symbol ordering
Relocatable symbols

TIMER1_IRQHandler 00000018

Symbol: TIMER1_IRQHandler
   Definitions
      At line 167 in file Include\startup_lks32mc03x.s
   Uses
      At line 54 in file Include\startup_lks32mc03x.s
      At line 152 in file Include\startup_lks32mc03x.s

UART_IRQHandler 00000018

Symbol: UART_IRQHandler
   Definitions
      At line 174 in file Include\startup_lks32mc03x.s
   Uses
      At line 65 in file Include\startup_lks32mc03x.s
      At line 159 in file Include\startup_lks32mc03x.s

WAKE_IRQHandler 00000018

Symbol: WAKE_IRQHandler
   Definitions
      At line 178 in file Include\startup_lks32mc03x.s
   Uses
      At line 71 in file Include\startup_lks32mc03x.s
      At line 163 in file Include\startup_lks32mc03x.s

__user_initial_stackheap 0000001C

Symbol: __user_initial_stackheap
   Definitions
      At line 202 in file Include\startup_lks32mc03x.s
   Uses
      At line 200 in file Include\startup_lks32mc03x.s
Comment: __user_initial_stackheap used once
24 symbols



ARM Macro Assembler    Page 1 Alphabetic symbol ordering
Absolute symbols

Heap_Size 00000000

Symbol: Heap_Size
   Definitions
      At line 17 in file Include\startup_lks32mc03x.s
   Uses
      At line 21 in file Include\startup_lks32mc03x.s
      At line 206 in file Include\startup_lks32mc03x.s

Stack_Size 00000400

Symbol: Stack_Size
   Definitions
      At line 6 in file Include\startup_lks32mc03x.s
   Uses
      At line 9 in file Include\startup_lks32mc03x.s
      At line 205 in file Include\startup_lks32mc03x.s

__Vectors_Size 000000C0

Symbol: __Vectors_Size
   Definitions
      At line 102 in file Include\startup_lks32mc03x.s
   Uses
      At line 32 in file Include\startup_lks32mc03x.s
Comment: __Vectors_Size used once
3 symbols



ARM Macro Assembler    Page 1 Alphabetic symbol ordering
External symbols

SystemInit 00000000

Symbol: SystemInit
   Definitions
      At line 110 in file Include\startup_lks32mc03x.s
   Uses
      At line 119 in file Include\startup_lks32mc03x.s
Comment: SystemInit used once
__main 00000000

Symbol: __main
   Definitions
      At line 109 in file Include\startup_lks32mc03x.s
   Uses
      At line 121 in file Include\startup_lks32mc03x.s
Comment: __main used once
__use_two_region_memory 00000000

Symbol: __use_two_region_memory
   Definitions
      At line 199 in file Include\startup_lks32mc03x.s
   Uses
      None
Comment: __use_two_region_memory unused
3 symbols
375 symbols in table
